<?xml version="1.0" encoding="UTF-8"?>
<!-- Generated by org.testng.reporters.JUnitXMLReporter -->
<testsuite hostname="DST47190" name="Test" tests="3" failures="0" timestamp="13 Mar 2014 09:25:39 GMT" time="0.209" errors="0">
  <testcase name="testOver" time="0.008" classname="com.unit.test.TestNGCaseBaseTests"/>
  <testcase name="testReport" time="0.002" classname="com.unit.test.TestNGCaseBaseTests"/>
  <testcase name="testResult" time="0.002" classname="com.unit.test.TestNGCaseBaseTests"/>
</testsuite> <!-- Test -->
